         w __deregister_frame_info
         w __register_frame_info
         w userAppExit
         w userAppInit
00000000 00000802 B __ctru_dev_utf16_buf
00000000 A __sync_synchronize
00000000 b _TLS_MODULE_BASE_
00000000 a shift
00000000 a shift
00000804 00000401 B __ctru_dev_path_buf
00100000 A __start__
00100000 T _start
00100008 T __service_ptr
0010000c T __apt_appid
00100010 T __heap_size
00100014 T __linear_heap_size
00100018 T __system_arglist
0010001c T __system_runflags
00100020 t startup
00100058 t ClearMem
0010006c t ClrLoop
00100094 T _init
001000ac T __aeabi_idiv
001000ac 00000220 T __divsi3
001000b4 t .divsi3_skip_div0_test
001002cc 00000020 T __aeabi_idivmod
001002ec 00000004 W __aeabi_idiv0
001002ec 00000004 W __aeabi_ldiv0
001002f0 T __aeabi_drsub
001002f8 000002b0 T __aeabi_dsub
001002f8 000002b0 T __subdf3
001002fc 000002ac T __adddf3
001002fc 000002ac T __aeabi_dadd
001005a8 00000024 T __aeabi_ui2d
001005a8 00000024 T __floatunsidf
001005cc 00000028 T __aeabi_i2d
001005cc 00000028 T __floatsidf
001005f4 00000048 T __aeabi_f2d
001005f4 00000048 T __extendsfdf2
0010063c 00000074 T __aeabi_ul2d
0010063c 00000074 T __floatundidf
00100650 00000060 T __aeabi_l2d
00100650 00000060 T __floatdidf
001006c8 00000390 T strcmp
00100a50 t .udivsi3_skip_div0_test
00100a50 T __aeabi_uidiv
00100a50 000001ec T __udivsi3
00100c3c 00000020 T __aeabi_uidivmod
00100c5c t __do_global_dtors_aux
00100c9c t frame_dummy
00100cc8 0000002c T cleanup
00100cf4 00000200 T main
00100ef4 00000044 t C2Di_FrameEndHook
00100f38 0000036c T C2D_Init
001012a4 0000004c T C2D_Fini
001012f0 000000b8 T C2D_Prepare
001013a8 00000048 T C2D_Flush
001013f0 00000104 T C2D_SceneSize
001014f4 00000058 T C2D_CreateScreenTarget
0010154c 00000064 T C2D_TargetClear
001015b0 0000013c T C2Di_CalcQuad
001016ec 00000058 T C2Di_AppendQuad
00101744 00000550 T C2Di_Update
00101c94 000002b0 T C2D_DrawImage
00101f44 0000006c T C2D_SpriteSheetLoadFromHandle
00101fb0 00000048 T C2D_SpriteSheetLoad
00101ff8 00000028 T C2D_SpriteSheetFree
00102020 0000002c T C2D_SpriteSheetGetImage
0010204c 00000028 T AttrInfo_Init
00102074 00000094 T AttrInfo_AddLoader
00102108 00000054 T C3D_SetAttrInfo
0010215c 00000080 T C3Di_AttrInfoBind
001021dc 00000004 W C3Di_LightEnvUpdate
001021e0 00000004 W C3Di_LightEnvDirty
001021e4 000000b4 t C3Di_AptEventHook
00102298 00000004 W C3Di_GasUpdate
0010229c 000001d0 T C3D_Init
0010246c 00000098 T C3D_SetViewport
00102504 000004e8 T C3Di_UpdateContext
001029ec 000000e0 T C3Di_SplitFrame
00102acc 00000044 T C3D_Fini
00102b10 00000194 T C3D_BindProgram
00102ca4 00000024 T BufInfo_Init
00102cc8 00000080 T BufInfo_Add
00102d48 0000003c T C3D_SetBufInfo
00102d84 00000048 T C3Di_BufInfoBind
00102dcc 0000021c T C3D_DrawElements
00102fe8 00000040 T C3D_DepthMap
00103028 0000001c T C3D_CullFace
00103044 00000040 T C3D_StencilTest
00103084 00000024 T C3D_StencilOp
001030a8 0000001c T C3D_BlendingColor
001030c4 00000024 T C3D_EarlyDepthTest
001030e8 0000002c T C3D_DepthTest
00103114 0000002c T C3D_AlphaTest
00103140 00000050 T C3D_AlphaBlend
00103190 00000030 T C3D_FragOpMode
001031c0 00000044 T C3D_FragOpShadow
00103204 000001ac T C3Di_EffectBind
001033b0 0000001c T C3D_CalcColorBufSize
001033cc 0000001c T C3D_CalcDepthBufSize
001033e8 00000044 T C3D_SetFrameBuf
0010342c 0000016c T C3Di_FrameBufBind
00103598 000000c8 T C3D_FrameBufClear
00103660 00000044 T C3D_FrameBufTransfer
001036a4 000000a8 T C3D_ImmSendAttrib
0010374c 00000070 T C3D_ProcTexInit
001037bc 00000054 T C3D_ProcTexBind
00103810 0000005c T C3D_ProcTexLutBind
0010386c 000000a4 T ProcTexLut_FromArray
00103910 00000178 T C3Di_ProcTexUpdate
00103a88 00000068 T C3Di_ProcTexDirty
00103af0 0000004c t onVBlank0
00103b3c 0000004c t onVBlank1
00103b88 00000080 t C3Di_RenderTargetDestroy
00103c08 000000f4 t onQueueFinish
00103cfc 00000038 T C3Di_RenderQueueEnableVBlank
00103d34 00000030 T C3Di_RenderQueueDisableVBlank
00103d64 00000060 T C3Di_RenderQueueInit
00103dc4 000000b4 T C3Di_RenderQueueExit
00103e78 00000034 T C3Di_RenderQueueWaitDone
00103eac 000000e8 T C3D_FrameBegin
00103f94 00000048 T C3D_FrameDrawOn
00103fdc 00000058 T C3D_FrameSplit
00104034 000001d0 T C3D_FrameEnd
00104204 0000001c T C3D_FrameEndHook
00104220 00000170 T C3D_RenderTargetCreate
00104390 000000a8 T C3D_RenderTargetSetOutput
00104438 000000fc T C3D_SyncTextureCopy
00104534 000003d8 t Tex3DSi_ImportCommon
0010490c 00000038 T Tex3DS_TextureImportStdio
00104944 0000001c T Tex3DS_GetSubTexture
00104960 00000004 T Tex3DS_TextureFree
00104964 00000034 T C3D_GetTexEnv
00104998 00000024 T C3Di_TexEnvBind
001049bc 00000290 T C3D_TexInitWithParams
00104c4c 000000c8 T C3D_TexLoadImage
00104d14 00000044 T C3D_TexBind
00104d58 00000074 T C3D_TexDelete
00104dcc 0000014c T C3Di_SetTex
00104f18 00000290 T C3D_UpdateUniforms
001051a8 000000c0 T C3Di_DirtyUniforms
00105268 000000d8 T C3Di_LoadShaderUniforms
00105340 00000028 T C3Di_ClearShaderUniforms
00105368 000000cc T Mtx_Ortho
00105434 000000cc T Mtx_OrthoTilt
00105500 00000024 t addrMapNodeComparator(rbtree_node const*, rbtree_node const*)
00105524 00000004 t addrMapNodeDestructor(rbtree_node*)
00105528 00000120 T linearMemAlign
00105648 00000008 T linearAlloc
00105650 0000005c T linearFree
001056ac 00000084 T MemPool::CoalesceRight(MemBlock*)
00105730 00000150 T MemPool::Allocate(MemChunk&, unsigned long, int)
00105880 000000fc T MemPool::Deallocate(MemChunk const&)
0010597c 00000030 T MemPool::GetFreeSpace()
001059ac 00000024 t addrMapNodeComparator(rbtree_node const*, rbtree_node const*)
001059d0 00000004 t addrMapNodeDestructor(rbtree_node*)
001059d4 00000244 T vramMemAlignAt
00105c18 0000000c T vramAlloc
00105c24 0000000c T vramAllocAt
00105c30 00000090 T vramFree
00105cc0 0000045c t consoleHandleColorEsc
0010611c 000000b8 t consoleColorStateShift
001061d4 000001ac T consoleDrawChar
00106380 0000011c T consolePrintChar
0010649c 000005ec T con_write
00106a88 00000124 t newRow
00106bac 0000018c T consoleInit
00106d38 000000d0 t gfxPresentFramebuffer
00106e08 00000010 T gfxSet3D
00106e18 0000001c T gfxIsWide
00106e34 000000ec T gfxSetScreenFormat
00106f20 00000010 T gfxSetDoubleBuffering
00106f30 000000d8 T gfxInit
00107008 00000010 T gfxInitDefault
00107018 000000b4 T gfxExit
001070cc 000000a0 T gfxGetFramebuffer
0010716c 00000100 T gfxFlushBuffers
0010726c 00000030 T gfxScreenSwapBuffers
0010729c 00000050 T gfxSwapBuffersGpu
001072ec 00000074 T osConvertVirtToPhys
00107360 00000034 T __ctru_speedup_config
00107394 0000013c T GPUCMD_Add
001074d0 000000b0 T GPUCMD_Split
00107580 00000034 T f32tof16
001075b4 00000034 T f32tof24
001075e8 00000038 T f32tof31
00107620 00000010 T GX_BindQueue
00107630 00000078 T GX_ProcessCommandList
001076a8 00000074 T GX_MemoryFill
0010771c 00000070 T GX_DisplayTransfer
0010778c 00000074 T GX_TextureCopy
00107800 00000068 t gxCmdQueueDoCommands.part.0
00107868 000000c8 T gxCmdQueueInterrupt
00107930 0000004c T gxCmdQueueClear
0010797c 000000f8 T gxCmdQueueAdd
00107a74 00000080 T gxCmdQueueRun
00107af4 00000060 T gxCmdQueueStop
00107b54 0000008c T gxCmdQueueWait
00107be0 000001d0 T shaderInstanceInit
00107db0 00000018 T shaderInstanceGetUniformLocation
00107dc8 0000001c T shaderProgramInit
00107de4 00000064 T shaderProgramFree
00107e48 00000080 T shaderProgramSetVsh
00107ec8 000008d0 T shaderProgramConfigure
00108798 000001dc t DVLE_GenerateOutmap.part.0
00108974 000001b0 T DVLB_ParseFile
00108b24 00000038 T DVLB_Free
00108b5c 00000074 T DVLE_GetUniformRegister
00108bd0 000001b0 t aptConvertScreenForCapture
00108d80 00000008 W aptDspSleep
00108d88 00000004 W aptDspWakeup
00108d8c 00000004 W aptDspCancel
00108d90 00000158 T aptSendCommand
00108ee8 00000044 t aptExitProcess
00108f2c 00000380 T aptExit
001092ac 000000d8 T aptHandleSleep
00109384 00000030 T aptHook
001093b4 00000030 T aptUnhook
001093e4 00000084 T APT_SleepIfShellClosed
00109468 00000078 T aptSetSleepAllowed
001094e0 00000084 T APT_UnlockTransition
00109568 00000478 t aptEventHandler
001099e0 000000b0 T APT_ReceiveParameter
00109a90 000000ac t aptReceiveParameter.constprop.0
00109b40 00000294 t aptScreenTransfer
00109dd4 000002c8 t aptWaitForWakeUp.isra.0
0010a09c 000000f4 T aptJumpToHomeMenu
0010a190 00000048 T aptMainLoop
0010a1d8 0000022c T aptInit
0010a404 0000007c T APT_CheckNew3DS
0010a480 00000c70 t gspHardwareInit
0010b0f0 00000248 T gspInit
0010b338 000000e4 T gspExit
0010b41c 00000010 T gspHasGpuRight
0010b42c 000000a0 T gspPresentBuffer
0010b4cc 00000030 T gspSetEventCallback
0010b4fc 00000044 T gspWaitForEvent
0010b540 0000004c T gspWaitForAnyEvent
0010b58c 00000160 t gspEventThreadMain
0010b6ec 00000130 T gspSubmitGxCommand
0010b81c 00000050 T GSPGPU_FlushDataCache
0010b86c 00000034 T GSPGPU_SetLcdForceBlack
0010b8a0 00000068 T GSPGPU_AcquireRight
0010b908 00000048 T GSPGPU_ReleaseRight
0010b950 0000007c T GSPGPU_ImportDisplayCaptureInfo
0010b9cc 0000002c T GSPGPU_SaveVramSysArea
0010b9f8 0000002c T GSPGPU_RestoreVramSysArea
0010ba24 00000024 W hidShouldUseIrrst
0010ba48 0000018c T hidInit
0010bbd4 000000e8 T hidExit
0010bcbc 000002a4 T hidScanInput
0010bf60 00000010 T hidKeysDown
0010bf70 00000160 T irrstInit
0010c0d0 000000cc T irrstExit
0010c19c 000000b4 T irrstScanInput
0010c250 00000024 T irrstKeysHeld
0010c274 00000074 T ptmSysmInit
0010c2e8 0000003c T ptmSysmExit
0010c324 00000034 T PTMSYSM_ConfigureNew3DSCPU
0010c358 000000e0 t buffer_read
0010c438 000000cc t iov_read
0010c504 00000148 t iov_memmove
0010c64c 000001dc t decompress_rle
0010c828 0000026c t decompress_lzss
0010ca94 0000042c t decompress_lz11
0010cec0 0000036c t decompress_huff
0010d22c 00000010 T decompressCallback_Stdio
0010d23c 000000e4 T decompressHeader
0010d320 00000200 T decompressV
0010d520 00000074 T rbtree_find
0010d594 00000010 T rbtree_init
0010d5a4 0000019c t do_insert
0010d740 00000008 T rbtree_insert
0010d748 00000310 T rbtree_remove
0010da58 00000090 T rbtree_rotate
0010dae8 000001e0 W __system_allocateHeaps
0010dcc8 00000038 W __libctru_init
0010dd00 00000160 W __system_initArgv
0010de60 00000030 T __syscall_getreent
0010de90 00000004 T __syscall_lock_acquire
0010de94 00000004 T __syscall_lock_release
0010de98 00000004 T __syscall_lock_acquire_recursive
0010de9c 00000004 T __syscall_lock_release_recursive
0010dea0 00000004 T __syscall_exit
0010dea4 00000050 T initThreadVars
0010def4 00000080 T __system_initSyscalls
0010df74 T svcControlMemory
0010df94 T svcQueryMemory
0010dfc4 T svcExitProcess
0010dfcc T svcCreateThread
0010dfec T svcExitThread
0010dff4 T svcSleepThread
0010dffc T svcReleaseMutex
0010e004 T svcCreateEvent
0010e018 T svcSignalEvent
0010e020 T svcClearEvent
0010e028 T svcMapMemoryBlock
0010e030 T svcUnmapMemoryBlock
0010e038 T svcCreateAddressArbiter
0010e04c T svcArbitrateAddressNoTimeout
0010e054 T svcCloseHandle
0010e05c T svcWaitSynchronization
0010e064 T svcWaitSynchronizationN
0010e08c T svcDuplicateHandle
0010e0a0 T svcGetSystemTick
0010e0a8 T svcConnectToPort
0010e0bc T svcSendSyncRequest
0010e0c4 T svcGetResourceLimit
0010e0d8 T svcGetResourceLimitLimitValues
0010e0e0 T svcGetResourceLimitCurrentValues
0010e0e8 T svcBreak
0010e0f0 W initSystem
0010e140 W __ctru_exit
0010e154 00000084 W envGetHandle
0010e1d8 00000050 W envDestroyHandles
0010e228 0000012c T srvInit
0010e354 00000058 T srvExit
0010e3ac 00000060 T srvEnableNotification
0010e40c 000000a0 T srvGetServiceHandleDirect
0010e4ac 00000038 T srvGetServiceHandle
0010e4e4 00000034 T srvSubscribe
0010e518 00000060 T srvReceiveNotification
0010e578 00000038 T srvPublishToSubscriber
0010e5b0 0000000c T __sync_init
0010e5bc 00000018 T __sync_fini
0010e5d4 0000002c T syncArbitrateAddress
0010e600 000000b0 T LightLock_Lock
0010e6b0 00000040 T LightLock_Unlock
0010e6f0 00000030 T RecursiveLock_Lock
0010e720 00000054 T RecursiveLock_Unlock
0010e774 00000040 T LightEvent_Init
0010e7b4 000000a4 T LightEvent_Clear
0010e858 000000c8 T LightEvent_Signal
0010e920 00000050 T LightEvent_TryWait
0010e970 000000a0 T LightEvent_Wait
0010ea10 000001d4 T threadCreate
0010ebe4 0000002c T threadFree
0010ec10 00000024 T threadJoin
0010ec34 00000030 T threadGetCurrent
0010ec64 00000040 T threadExit
0010eca4 00000020 t _thread_begin
0010ecc4 00000090 t mappableFindAddressWithin
0010ed54 00000028 T mappableInit
0010ed7c 00000080 T mappableAlloc
0010edfc 00000004 T mappableFree
0010ee00 0000000c T srvPmGetSessionHandle
0010ee0c 0000005c T rbtree_node_next
0010ee68 00000030 W __appExit
0010ee98 00000030 W __appInit
0010eec8 00000090 W __libctru_exit
0010ef58 00000014 t archive_link
0010ef6c 00000014 t archive_dirreset
0010ef80 00000014 t archive_chmod
0010ef94 00000024 t error_cmp
0010efb8 00000050 t archive_translate_error
0010f008 000000c4 t archive_seek
0010f0cc 00000078 t _archiveInit.part.0
0010f144 000000c4 t archiveFindDevice.part.0
0010f208 00000290 t archive_utf16path
0010f498 0000009c t _archiveUnmountDeviceStruct.part.0
0010f534 00000014 t archive_statvfs
0010f548 00000014 t archive_fchmod
0010f55c 00000168 t _archiveMountDevice
0010f6c4 000000e8 t archive_diropen
0010f7ac 000000a4 t archive_fstat
0010f850 0000006c t archive_fsync
0010f8bc 0000006c t archive_close
0010f928 00000070 t archive_dirclose
0010f998 000000e4 t sdmc_statvfs
0010fa7c 000000ec t archive_chdir
0010fb68 0000007c t archive_ftruncate
0010fbe4 000000ac t archive_read
0010fc90 000000a4 t archive_unlink
0010fd34 000000bc t archive_rmdir
0010fdf0 000000dc t archive_mkdir
0010fecc 00000194 t archive_stat
00110060 0000015c t archive_dirnext
001101bc 00000124 t archive_write
001102e0 00000210 t archive_open
001104f0 00000268 t archive_rename
00110758 0000019c T archiveMountSdmc
001108f4 00000054 T archiveUnmountAll
00110948 000000d0 T fsInit
00110a18 0000003c T fsExit
00110a54 00000060 T fsExemptFromSession
00110ab4 00000050 T fsUnexemptFromSession
00110b04 000000cc T FSUSER_OpenFile
00110bd0 000000bc T FSUSER_DeleteFile
00110c8c 000000f8 T FSUSER_RenameFile
00110d84 000000bc T FSUSER_DeleteDirectory
00110e40 000000d4 T FSUSER_CreateFile
00110f14 000000c4 T FSUSER_CreateDirectory
00110fd8 000000f8 T FSUSER_RenameDirectory
001110d0 000000b4 T FSUSER_OpenDirectory
00111184 00000094 T FSUSER_OpenArchive
00111218 0000008c T FSUSER_CloseArchive
001112a4 00000074 T FSUSER_GetSdmcArchiveResource
00111318 00000064 T FSUSER_IsSdmcWritable
0011137c 00000058 T FSFILE_Read
001113d4 00000060 T FSFILE_Write
00111434 00000038 T FSFILE_GetSize
0011146c 00000028 T FSFILE_SetSize
00111494 0000003c T FSFILE_Close
001114d0 00000024 T FSFILE_Flush
001114f4 00000050 T FSDIR_Read
00111544 0000003c T FSDIR_Close
00111580 0000013c T decode_utf8
001116bc 000000e8 T utf16_to_utf8
001117a4 000000c0 T utf8_to_utf16
00111864 T __aeabi_read_tp
00111870 00000064 T decode_utf16
001118d4 00000054 T encode_utf16
00111928 000000e0 T encode_utf8
00111a08 0000025c T sinf
00111c64 00000024 t with_errnof
00111c88 0000001c T __math_invalidf
00111ca8 0000021c T cosf
00111ec4 000000d8 T strncmp
00111f9c 0000005c T strlen
00111ff8 000001e4 t _strtoul_l.isra.0
001121dc 00000034 T strtoul
00112210 000000e4 T strncat
001122f4 00000078 T bsearch
0011236c 00000344 T _fread_r
001126b0 00000038 T fread
001126e8 00000020 T calloc
00112708 00000038 t lflush
00112740 0000019c T __srefill_r
001128dc 00000148 T _fclose_r
00112a24 00000018 T fclose
00112a3c 000000c0 T _calloc_r
00112afc 00000144 T __smakebuf_r
00112c40 0000008c T __swhatbuf_r
00112ccc 00000020 T memalign
00112cec 0000001c t stdio_exit_handler
00112d08 0000005c t cleanup_stdio
00112d64 00000154 t global_stdio_init.part.0
00112eb8 00000134 T __sfp
00112fec 0000005c T __sinit
00113048 0000000c T __sfp_lock_acquire
00113054 0000000c T __sfp_lock_release
00113060 000007e8 T _malloc_r
00113848 000000f8 T _malloc_trim_r
00113940 00000300 T _free_r
00113c40 00000294 T setvbuf
00113ed4 0000004c T strnlen
00113f20 0000000c T __errno
00113f2c 00000034 T malloc
00113f60 00000018 T free
00113f78 00000130 T memcpy
001140a8 00000134 T _fopen_r
001141dc 00000020 T fopen
001141fc 000000e0 T _puts_r
001142dc 00000018 T puts
001142f4 000000e8 T memset
001143dc 00000070 T _fwalk_sglue
0011444c 0000000c T __malloc_lock
00114458 0000000c T __malloc_unlock
00114464 00000004 W __call_exitprocs
00114468 00000030 T exit
00114498 0000001c T _fseek_r
001144b4 000000c4 T strncpy
00114578 000000b4 T __sflags
0011462c 00000084 T __libc_init_array
001146b0 00000228 T __sflush_r
001148d8 00000094 T _fflush_r
0011496c 00000480 T __sfvwrite_r
00114dec 00000150 T _memalign_r
00114f3c 000000e0 T memchr
0011501c 0000003c T __libc_fini_array
00115058 0000058c T _fseeko_r
001155e4 00000044 T __sread
00115628 00000068 T __swrite
00115690 00000040 T __sseek
001156d0 00000008 T __sclose
001156d8 000004a4 T _realloc_r
00115b7c 00000194 T __swsetup_r
00115d10 00000160 T memmove
00115e70 00000020 T _exit
00115e90 0000013c T chdir
00115fcc 000001cc T _concatenate_path
00116198 00000088 T _fstat_r
00116220 0000002c T __getreent
0011624c 0000008c T __release_handle
001162d8 000000b0 T __alloc_handle
00116388 0000003c T __get_handle
001163c4 000000f4 T _close_r
001164b8 00000008 t null_write
001164c0 00000018 T setDefaultDevice
001164d8 000000c8 T FindDevice
001165a0 00000028 T RemoveDevice
001165c8 00000098 T AddDevice
00116660 00000020 T GetDeviceOpTab
00116680 00000008 T _isatty_r
00116688 0000008c T _lseek_r
00116714 000000bc T _open_r
001167d0 00000088 T _read_r
00116858 00000078 W _sbrk_r
001168d0 0000001c T __libc_lock_acquire
001168ec 0000001c T __libc_lock_release
00116908 0000001c T __libc_lock_acquire_recursive
00116924 0000001c T __libc_lock_release_recursive
00116940 00000088 T _write_r
001169c8 00000130 T strchr
00116af8 00000048 T strrchr
00116b40 T _fini
00117180 00000008 r s_defaultTint.0
00117188 R render2d_shbin
00117314 R render2d_shbin_end
00117314 R render2d_shbin_size
00117318 00000004 r depthFmtSizes
0011731c 00000005 r colorFmtSizes
00117324 00000010 r CSWTCH.11
00117334 00000038 r CSWTCH.19
00117424 00000080 r dotab_stdout
001174a4 00000018 r grayScale
001174bc 00000006 r colorCube
001174c4 00000030 r colorTable
0011751c 00000008 r morton_y.2
00117524 00000008 r morton_x.3
0011752c 00000008 r s_sleepWakeEvents.4
00117558 R default_font_bin
00117d58 R default_font_bin_end
00117d58 00000030 r error_table
00117d88 00000080 r archive_devoptab
00117e08 00000060 R __inv_pio4
00117e68 000000e0 R __sincosf_table
00117f48 00000101 R _ctype_
0011804c 00000080 R dotab_stdnull
001180cc R __tdata_align
001180d0 r __EH_FRAME_BEGIN__
001180d0 R __exidx_end
001180d0 R __exidx_start
00119000 00000008 d framerateCounter
00119008 00000004 d framerate
0011900c 00000001 d firstConsoleInit.0
00119010 00000004 D currentConsole
00119014 00000048 D defaultConsole
0011905c 00000004 d queueLock
00119060 00000004 d aptChainloadDeliverArgSize
00119064 00000004 d kCount
00119068 00000004 d kInterval
0011906c 00000004 d kDelay
00119070 W __stacksize__
00119074 00000004 D _impure_ptr
00119078 00000120 D _impure_data
00119198 0000000c D __sglue
001191a4 00000004 D __malloc_sbrk_base
001191a8 00000004 D __malloc_trim_threshold
001191b0 00000408 D __malloc_av_
001195b8 00000400 d _current_working_directory
001199b8 00001000 d handles
0011a9b8 0000000c d __stderr_handle
0011a9c4 0000000c d __stdout_handle
0011a9d0 0000000c d __stdin_handle
0011a9dc 0000008c D devoptab_list
0011aa68 00000004 d defaultDevice
0011aa74 d _GLOBAL_OFFSET_TABLE_
0011aa80 d __frame_dummy_init_array_entry
0011aa80 D __init_array_start
0011aa80 B __preinit_array_end
0011aa80 B __preinit_array_start
0011aa80 D __tdata_lma
0011aa80 D __tdata_lma_end
0011aa84 d __do_global_dtors_aux_fini_array_entry
0011aa84 D __fini_array_start
0011aa84 D __init_array_end
0011aa88 D __bss_start__
0011aa88 D __fini_array_end
0011aa88 00000004 b spriteSheet
0011aa8c 00000004 b top
0011aa90 b completed.1
0011aa94 b object.0
0011aab0 000005a8 B __C2Di_Context
0011b058 00000040 b s_projBot
0011b098 00000040 b s_projTop
0011b0d8 00000004 b uLoc_mdlvMtx
0011b0dc 00000004 b uLoc_projMtx
0011b0e0 0000000c b hookCookie
0011b0f0 000002d0 B __C3D_Context
0011b3c0 00000004 b frameEndCbData
0011b3c4 00000004 b frameEndCb
0011b3c8 00000008 b frameCounter
0011b3d0 00000001 b isTopStereo
0011b3d1 00000001 b needSwapBot
0011b3d2 00000001 b needSwapTop
0011b3d3 00000001 b measureGpuTime
0011b3d4 00000001 b inSafeTransfer
0011b3d5 00000001 b inFrame
0011b3d8 00000010 b cpuTime
0011b3e8 00000010 b gpuTime
0011b3f8 0000000c b linkedTarget
0011b404 00000004 b lastTarget
0011b408 00000004 b firstTarget
0011b40c 00000008 b C3Di_IVUnifEverDirty
0011b414 000000c0 b C3Di_FVUnifEverDirty
0011b4d4 00000018 b C3Di_ShaderFVecData
0011b4ec 00000002 B C3D_BoolUnifsDirty
0011b4f0 00000008 B C3D_IVUnifDirty
0011b4f8 000000c0 B C3D_FVUnifDirty
0011b5b8 00000004 B C3D_BoolUnifs
0011b5bc 00000020 B C3D_IVUnif
0011b5dc 00000c00 B C3D_FVUnif
0011c1e0 00000008 b sLinearPool
0011c1e8 0000000c b sAddrMap
0011c1f8 00000008 b sVramPoolB
0011c200 00000008 b sVramPoolA
0011c208 0000000c b sAddrMap
0011c214 0000001c b escapeSeq
0011c230 00000048 B currentCopy
0011c278 00000004 b screenAlloc
0011c27c 00000004 b screenFree
0011c280 00000002 b gfxIsDoubleBuf
0011c284 00000002 b gfxCurBuf
0011c286 00000001 b gfxIsVram
0011c287 00000001 b gfxTopMode
0011c288 00000002 b gfxFramebufferFormats
0011c28c 00000004 b gfxBottomFramebufferMaxSize
0011c290 00000004 b gfxTopFramebufferMaxSize
0011c298 00000008 b gfxBottomFramebuffers
0011c2a0 00000008 b gfxTopFramebuffers
0011c2a8 00000001 V __ctru_speedup
0011c2ac 00000004 B gpuCmdBufOffset
0011c2b0 00000004 B gpuCmdBufSize
0011c2b4 00000004 B gpuCmdBuf
0011c2b8 00000004 b boundQueue
0011c2bc 00000001 b shouldStop
0011c2bd 00000001 b isRunning
0011c2be 00000001 b isActive
0011c2c0 00000004 b curQueue
0011c2c4 00000001 b flagValue.0
0011c2c5 00000001 b flagInit.1
0011c2c8 00000004 b serviceName.6
0011c2cc 00000001 b aptChainloadFlags
0011c2cd 00000001 b aptChainloadMediatype
0011c2d0 00000020 b aptChainloadHmac
0011c2f0 00000300 b aptChainloadDeliverArg
0011c5f0 00000008 b aptChainloadTid
0011c5f8 00001000 b aptParameters
0011d5f8 00000004 b aptFlags
0011d5fc 00000001 b aptHomeButtonState
0011d600 00000004 b aptMessageFuncData
0011d604 00000004 b aptMessageFunc
0011d608 0000000c b aptFirstHook
0011d614 00000001 b aptEventHandlerThreadQuit
0011d618 00000004 b aptEventHandlerThread
0011d61c 00000008 b aptSleepEvent
0011d624 00000008 b aptReceiveEvent
0011d62c 00000008 b aptEvents
0011d634 00000004 b aptLockHandle
0011d638 00000004 b aptRefCount
0011d63c 00000007 b gspEventCbOneShot
0011d644 0000001c b gspEventCbData
0011d660 0000001c b gspEventCb
0011d67c 00000038 b gspEvents
0011d6b4 00000004 b gspLastEvent
0011d6b8 00000001 b gspRunEvents
0011d6bc 00000004 b gspEventThread
0011d6c0 00000004 b gspEvent
0011d6c4 00000001 b gspGpuRight
0011d6c5 00000001 b gspThreadId
0011d6c8 00000004 b gspSharedMem
0011d6cc 00000004 b gspSharedMemHandle
0011d6d0 00000004 b gspRefCount
0011d6d4 00000004 b gspGpuHandle
0011d6d8 00000001 b usingIrrst
0011d6dc 00000004 b hidRefCount
0011d6e0 00000006 b gRate
0011d6e8 00000006 b aVec
0011d6f0 00000004 b cPos
0011d6f4 00000004 b tPos
0011d6f8 00000004 b kRepeat
0011d6fc 00000004 b kUp
0011d700 00000004 b kDown
0011d704 00000004 b kHeld
0011d708 00000004 b kOld
0011d70c 00000004 B hidSharedMem
0011d710 00000014 B hidEvents
0011d724 00000004 B hidMemHandle
0011d728 00000004 B hidHandle
0011d72c 00000004 b irrstRefCount
0011d730 00000004 b csPos
0011d734 00000004 b kHeld
0011d738 00000004 B irrstSharedMem
0011d73c 00000004 B irrstEvent
0011d740 00000004 B irrstMemHandle
0011d744 00000004 B irrstHandle
0011d748 00000004 b ptmSysmRefCount
0011d74c 00000004 b ptmSysmHandle
0011d750 00000004 V __ctru_linear_heap_size
0011d754 00000004 V __ctru_heap_size
0011d758 00000004 B __ctru_linear_heap
0011d75c 00000004 B __ctru_heap
0011d760 00000004 B __system_retAddr
0011d764 00000004 B __system_argv
0011d768 00000004 B __system_argc
0011d76c b saved_stack
0011d774 00000004 B __3dslink_host
0011d778 00000004 b srvRefCount
0011d77c 00000004 b srvHandle
0011d780 00000004 b arbiter
0011d784 00000004 b currentAddr
0011d788 00000004 b maxAddr
0011d78c 00000004 b minAddr
0011d790 00000004 b srvPmHandle
0011d798 000005c0 b archive_devices
0011dd58 00000004 b archive_device_cwd
0011dd5c 00000001 b archive_initialized
0011dd60 00000080 b fsExemptArchives
0011dde0 00000004 b fsuRefCount
0011dde4 00000004 b fsuHandle
0011dde8 0000000c b __sfp_recursive_mutex
0011ddf8 00000168 B __sf
0011df60 00000004 B __stdio_exit_handler
0011df64 00000028 B __malloc_current_mallinfo
0011df8c 00000004 B __malloc_max_total_mem
0011df90 00000004 B __malloc_max_sbrked_mem
0011df94 00000004 B __malloc_top_pad
0011df98 0000000c b __malloc_recursive_mutex
0011dfa4 00000400 b temp_cwd
0011e3a4 00000004 b __hndl_lock
0011e3a8 00000004 B fake_heap_start
0011e3ac 00000004 B fake_heap_end
0011e3b0 00000004 b heap_start.0
0011e3b4 B __tls_start
0011efbc B __bss_end__
0011efbc A __end__
0011efbc B __tls_end
